[2026-02-14  17:33:55] INFO thread/ lock abort set to 0
[2026-02-14  17:33:55] INFO logging/recheck_log_file Using log file /var/www/mcaster1.com/mcaster1dnas/build/logs/access.log
[2026-02-14  17:33:55] INFO logging/recheck_log_file Using log file /var/www/mcaster1.com/mcaster1dnas/build/logs/playlist.log
[2026-02-14  17:33:55] INFO main/server_proc_init Mcaster1DNAS 2.5.0 server reading configuration from mcaster1-production.xml
[2026-02-14  17:33:55] INFO connection/get_ssl_certificate SSL certificate found at /var/www/mcaster1.com/mcaster1dnas/ssl/mcaster1dnas.pem
[2026-02-14  17:33:55] INFO connection/get_ssl_certificate SSL using ciphers ECDHE-RSA-AES128-GCM-SHA256:ECDHE-ECDSA-AES128-GCM-SHA256:ECDHE-RSA-AES256-GCM-SHA384:ECDHE-ECDSA-AES256-GCM-SHA384:DHE-RSA-AES128-GCM-SHA256:DHE-DSS-AES128-GCM-SHA256:kEDH+AESGCM:ECDHE-RSA-AES128-SHA256:ECDHE-ECDSA-AES128-SHA256:ECDHE-RSA-AES128-SHA:ECDHE-ECDSA-AES128-SHA:ECDHE-RSA-AES256-SHA384:ECDHE-ECDSA-AES256-SHA384:ECDHE-RSA-AES256-SHA:ECDHE-ECDSA-AES256-SHA:DHE-RSA-AES128-SHA256:DHE-RSA-AES128-SHA:DHE-DSS-AES128-SHA256:DHE-RSA-AES256-SHA256:DHE-DSS-AES256-SHA:DHE-RSA-AES256-SHA:ECDHE-RSA-DES-CBC3-SHA:ECDHE-ECDSA-DES-CBC3-SHA:AES128-GCM-SHA256:AES256-GCM-SHA384:AES128-SHA256:AES256-SHA256:AES128-SHA:AES256-SHA:AES:DES-CBC3-SHA:HIGH:!aNULL:!eNULL:!EXPORT:!DES:!RC4:!MD5:!PSK:!aECDH:!EDH-DSS-DES-CBC3-SHA:!EDH-RSA-DES-CBC3-SHA:!KRB5-DES-CBC3-SHA
[2026-02-14  17:33:55] INFO connection/connection_setup_sockets 1 listener socket(s) for port 9443 address 15.204.91.208
[2026-02-14  17:33:55] INFO connection/connection_setup_sockets 1 listener socket(s) for port 9330 address 15.204.91.208
[2026-02-14  17:33:55] INFO connection/connection_setup_sockets 2 listening sockets setup complete
[2026-02-14  17:33:55] INFO fserve/fserve_initialize file serving started
[2026-02-14  17:33:55] INFO main/server_process Mcaster1DNAS 2.5.0 server started
[2026-02-14  17:33:55] WARN slave/slave_startup process has 1048576 max file descriptor limit
[2026-02-14  17:33:55] INFO client/workers_adjust requested worker count 2
[2026-02-14  17:33:55] INFO client/log_commit_thread started
[2026-02-14  17:33:55] INFO client/worker_start starting incoming worker thread 0x560b5dad9ac0
[2026-02-14  17:33:55] INFO connection/connection_thread connection thread started
[2026-02-14  17:34:17] INFO fserve/open_fh lookup of "/admin.html"
[2026-02-14  17:34:17] INFO fserve/open_fh lookup of "/style.css"
[2026-02-14  17:34:17] INFO fserve/open_fh lookup of "/adminbar.html"
[2026-02-14  17:34:17] INFO admin/admin_handle_general_request processing file stats.xsl
[2026-02-14  17:34:17] INFO xslt/xslt_apply_sheet loaded stylesheet /var/www/mcaster1.com/mcaster1dnas/admin/stats.xsl
[2026-02-14  17:34:17] INFO admin/admin_handle_general_request processing file mcaster1-modern.css
[2026-02-14  17:34:18] INFO admin/admin_handle_general_request processing file mcaster1-modern.css
[2026-02-14  17:34:18] INFO fserve/open_fh lookup of "/favicon.ico"
[2026-02-14  17:34:21] INFO fserve/open_fh lookup of "/index.html"
[2026-02-14  17:34:21] INFO fserve/open_fh lookup of "/mcaster1-modern.css"
[2026-02-14  17:34:21] INFO fserve/open_fh lookup of "/statusbar.html"
[2026-02-14  17:34:21] INFO xslt/xslt_apply_sheet loaded stylesheet /var/www/mcaster1.com/mcaster1dnas/web/status.xsl
[2026-02-14  17:34:51] INFO admin/admin_handle_general_request processing file stats.xsl
[2026-02-14  17:34:51] INFO admin/admin_handle_general_request processing file mcaster1-modern.css
[2026-02-14  17:34:51] INFO admin/admin_handle_general_request processing file mcaster1-modern.css
[2026-02-14  17:36:14] INFO xslt/xslt_apply_sheet loaded stylesheet /var/www/mcaster1.com/mcaster1dnas/web/server_version.xsl
[2026-02-14  17:36:16] INFO admin/admin_handle_general_request processing file stats.xsl
[2026-02-14  17:36:17] INFO admin/admin_handle_general_request processing file mcaster1-modern.css
[2026-02-14  17:36:17] INFO admin/admin_handle_general_request processing file mcaster1-modern.css
[2026-02-14  17:36:47] INFO admin/admin_handle_general_request Bad or missing password on admin command request (stats.xsl)
[2026-02-14  17:36:47] INFO admin/admin_handle_general_request Bad or missing password on admin command request (mcaster1-modern.css)
[2026-02-14  17:36:52] INFO admin/admin_handle_general_request processing file stats.xsl
[2026-02-14  17:36:52] INFO admin/admin_handle_general_request processing file mcaster1-modern.css
[2026-02-14  17:36:53] INFO admin/admin_handle_general_request processing file mcaster1-modern.css
[2026-02-14  17:36:57] INFO admin/admin_handle_general_request processing file logs.xsl
[2026-02-14  17:36:57] INFO xslt/xslt_apply_sheet loaded stylesheet /var/www/mcaster1.com/mcaster1dnas/admin/logs.xsl
[2026-02-14  17:36:57] INFO admin/admin_handle_general_request processing file mcaster1-modern.css
[2026-02-14  17:36:57] INFO xslt/xslt_apply_sheet loaded stylesheet /var/www/mcaster1.com/mcaster1dnas/admin/showlog.xsl
[2026-02-14  17:36:58] INFO xslt/xslt_apply_sheet loaded stylesheet /var/www/mcaster1.com/mcaster1dnas/admin/listmounts.xsl
[2026-02-14  17:36:58] INFO admin/admin_handle_general_request processing file mcaster1-modern.css
[2026-02-14  17:39:56] INFO admin/admin_handle_general_request Bad or missing password on admin command request (stats.xsl)
[2026-02-14  17:40:03] INFO admin/admin_handle_general_request Bad or missing password on admin command request (stats.xsl)
[2026-02-14  17:41:22] INFO admin/admin_handle_general_request processing file stats.xsl
[2026-02-14  17:41:22] INFO admin/admin_handle_general_request processing file mcaster1-modern.css
[2026-02-14  17:41:28] INFO admin/admin_handle_general_request processing file stats.xsl
[2026-02-14  17:41:28] INFO admin/admin_handle_general_request processing file mcaster1-modern.css
[2026-02-14  17:41:28] INFO fserve/open_fh lookup of "/favicon.ico"
[2026-02-14  17:41:40] INFO fserve/open_fh lookup of "/mcaster1-modern.css"
[2026-02-14  17:43:25] INFO xslt/xslt_apply_sheet loaded stylesheet /var/www/mcaster1.com/mcaster1dnas/web/status.xsl
[2026-02-14  17:43:30] INFO xslt/xslt_apply_sheet loaded stylesheet /var/www/mcaster1.com/mcaster1dnas/web/server_version.xsl
[2026-02-14  17:43:38] INFO admin/admin_handle_general_request processing file stats.xsl
[2026-02-14  17:43:47] INFO admin/admin_handle_general_request processing file logs.xsl
[2026-02-14  17:44:13] INFO fserve/open_fh lookup of "/mcaster1-modern.css"
[2026-02-14  17:44:13] INFO fserve/open_fh lookup of "/favicon.ico"
[2026-02-14  17:44:16] INFO admin/admin_handle_general_request processing file stats.xsl
[2026-02-14  17:44:16] INFO admin/admin_handle_general_request processing file mcaster1-modern.css
[2026-02-14  17:44:18] INFO fserve/open_fh lookup of "/admin.html"
[2026-02-14  17:44:18] INFO fserve/open_fh lookup of "/style.css"
[2026-02-14  17:44:18] INFO fserve/open_fh lookup of "/adminbar.html"
[2026-02-14  17:44:18] INFO admin/admin_handle_general_request processing file stats.xsl
[2026-02-14  17:44:18] INFO admin/admin_handle_general_request processing file mcaster1-modern.css
[2026-02-14  17:44:18] INFO admin/admin_handle_general_request processing file mcaster1-modern.css
[2026-02-14  17:44:21] INFO admin/admin_handle_general_request processing file stats.xsl
[2026-02-14  17:44:21] INFO admin/admin_handle_general_request processing file mcaster1-modern.css
[2026-02-14  17:44:21] INFO admin/admin_handle_general_request processing file mcaster1-modern.css
[2026-02-14  17:44:49] WARN fserve/fserve_client_create req for file "/var/www/mcaster1.com/mcaster1dnas/web/admin" No such file or directory
[2026-02-14  17:44:54] INFO admin/admin_handle_general_request processing file 
[2026-02-14  17:45:03] INFO admin/admin_handle_general_request processing file stats.xsl
[2026-02-14  17:45:03] INFO admin/admin_handle_general_request processing file mcaster1-modern.css
[2026-02-14  17:45:13] INFO admin/admin_handle_general_request processing file stats.xsl
[2026-02-14  17:46:38] INFO admin/admin_handle_general_request processing file stats.xsl
[2026-02-14  17:46:38] INFO admin/admin_handle_general_request processing file mcaster1-modern.css
[2026-02-14  17:46:40] INFO admin/admin_handle_general_request processing file stats.xsl
[2026-02-14  17:46:40] INFO admin/admin_handle_general_request processing file mcaster1-modern.css
[2026-02-14  17:48:19] INFO admin/admin_handle_general_request processing file stats.xsl
[2026-02-14  17:48:19] INFO admin/admin_handle_general_request processing file mcaster1-modern.css
[2026-02-14  17:48:35] INFO admin/admin_handle_general_request processing file 
[2026-02-14  17:48:46] INFO admin/admin_handle_general_request processing file index.html
[2026-02-14  17:48:55] INFO admin/admin_handle_general_request processing file admin.html
[2026-02-14  17:48:58] INFO admin/admin_handle_general_request processing file index.html
[2026-02-14  17:48:59] INFO admin/admin_handle_general_request processing file 
[2026-02-14  17:49:00] INFO admin/admin_handle_general_request processing file stats.xsl
[2026-02-14  17:49:00] INFO admin/admin_handle_general_request processing file mcaster1-modern.css
[2026-02-14  17:50:42] INFO connection/connection_thread connection thread finished
[2026-02-14  17:50:42] INFO connection/connection_thread_shutdown shutting down connection thread
[2026-02-14  17:50:42] INFO slave/_slave_thread shutting down current relays
[2026-02-14  17:50:42] INFO slave/_slave_thread Slave thread shutdown complete
[2026-02-14  17:50:42] INFO client/workers_adjust requested worker count 0
[2026-02-14  17:50:42] INFO client/worker shutting down
[2026-02-14  17:50:42] INFO client/worker shutting down
[2026-02-14  17:50:42] INFO client/worker_stop stopping incoming worker thread
[2026-02-14  17:50:42] INFO client/worker shutting down
[2026-02-14  17:50:42] INFO main/server_process Shutting down
[2026-02-14  17:50:42] INFO auth/auth_shutdown Auth shutdown complete
[2026-02-14  17:50:42] INFO connection/connection_listen_sockets_close Closing port 9443 on 15.204.91.208
[2026-02-14  17:50:42] INFO connection/connection_listen_sockets_close Closing port 9330 on 15.204.91.208
[2026-02-14  17:50:42] INFO yp/yp_shutdown YP cleanup complete
[2026-02-14  17:50:42] INFO fserve/fserve_shutdown file serving stopped
[2026-02-14  17:53:31] INFO thread/ lock abort set to 0
[2026-02-14  17:53:31] INFO logging/recheck_log_file Using log file /var/www/mcaster1.com/mcaster1dnas/build/logs/access.log
[2026-02-14  17:53:31] INFO logging/recheck_log_file Using log file /var/www/mcaster1.com/mcaster1dnas/build/logs/playlist.log
[2026-02-14  17:53:31] INFO main/server_proc_init Mcaster1DNAS 2.5.0 server reading configuration from mcaster1-production.xml
[2026-02-14  17:53:31] INFO connection/get_ssl_certificate SSL certificate found at /var/www/mcaster1.com/mcaster1dnas/ssl/mcaster1dnas.pem
[2026-02-14  17:53:31] INFO connection/get_ssl_certificate SSL using ciphers ECDHE-RSA-AES128-GCM-SHA256:ECDHE-ECDSA-AES128-GCM-SHA256:ECDHE-RSA-AES256-GCM-SHA384:ECDHE-ECDSA-AES256-GCM-SHA384:DHE-RSA-AES128-GCM-SHA256:DHE-DSS-AES128-GCM-SHA256:kEDH+AESGCM:ECDHE-RSA-AES128-SHA256:ECDHE-ECDSA-AES128-SHA256:ECDHE-RSA-AES128-SHA:ECDHE-ECDSA-AES128-SHA:ECDHE-RSA-AES256-SHA384:ECDHE-ECDSA-AES256-SHA384:ECDHE-RSA-AES256-SHA:ECDHE-ECDSA-AES256-SHA:DHE-RSA-AES128-SHA256:DHE-RSA-AES128-SHA:DHE-DSS-AES128-SHA256:DHE-RSA-AES256-SHA256:DHE-DSS-AES256-SHA:DHE-RSA-AES256-SHA:ECDHE-RSA-DES-CBC3-SHA:ECDHE-ECDSA-DES-CBC3-SHA:AES128-GCM-SHA256:AES256-GCM-SHA384:AES128-SHA256:AES256-SHA256:AES128-SHA:AES256-SHA:AES:DES-CBC3-SHA:HIGH:!aNULL:!eNULL:!EXPORT:!DES:!RC4:!MD5:!PSK:!aECDH:!EDH-DSS-DES-CBC3-SHA:!EDH-RSA-DES-CBC3-SHA:!KRB5-DES-CBC3-SHA
[2026-02-14  17:53:31] INFO connection/connection_setup_sockets 1 listener socket(s) for port 9443 address 15.204.91.208
[2026-02-14  17:53:31] INFO connection/connection_setup_sockets 1 listener socket(s) for port 9330 address 15.204.91.208
[2026-02-14  17:53:31] INFO connection/connection_setup_sockets 2 listening sockets setup complete
[2026-02-14  17:53:31] INFO fserve/fserve_initialize file serving started
[2026-02-14  17:53:31] INFO main/server_process Mcaster1DNAS 2.5.0 server started
[2026-02-14  17:53:31] WARN slave/slave_startup process has 1048576 max file descriptor limit
[2026-02-14  17:53:31] INFO client/workers_adjust requested worker count 2
[2026-02-14  17:53:31] INFO client/log_commit_thread started
[2026-02-14  17:53:31] INFO client/worker_start starting incoming worker thread 0x5645ba95dac0
[2026-02-14  17:53:31] INFO connection/connection_thread connection thread started
[2026-02-14  17:53:40] INFO xslt/xslt_apply_sheet loaded stylesheet /var/www/mcaster1.com/mcaster1dnas/web/status.xsl
[2026-02-14  17:53:40] INFO fserve/open_fh lookup of "/mcaster1-modern.css"
[2026-02-14  17:53:40] INFO fserve/open_fh lookup of "/favicon.ico"
[2026-02-14  17:54:04] INFO admin/admin_handle_general_request Bad or missing password on admin command request (mcaster1-modern.css)
[2026-02-14  17:55:42] INFO admin/admin_handle_general_request processing file stats.xsl
[2026-02-14  17:55:42] INFO xslt/xslt_apply_sheet loaded stylesheet /var/www/mcaster1.com/mcaster1dnas/admin/stats.xsl
[2026-02-14  17:55:44] INFO xslt/xslt_apply_sheet loaded stylesheet /var/www/mcaster1.com/mcaster1dnas/web/status.xsl
[2026-02-14  17:55:51] INFO fserve/open_fh lookup of "/style.css"
[2026-02-14  17:56:11] INFO fserve/open_fh lookup of "/favicon.ico"
[2026-02-14  17:56:12] INFO admin/admin_handle_general_request processing file stats.xsl
[2026-02-14  17:56:18] INFO admin/admin_handle_general_request processing file logs.xsl
[2026-02-14  17:56:18] INFO xslt/xslt_apply_sheet loaded stylesheet /var/www/mcaster1.com/mcaster1dnas/admin/logs.xsl
[2026-02-14  17:56:18] INFO xslt/xslt_apply_sheet loaded stylesheet /var/www/mcaster1.com/mcaster1dnas/admin/showlog.xsl
[2026-02-14  17:56:20] INFO xslt/xslt_apply_sheet loaded stylesheet /var/www/mcaster1.com/mcaster1dnas/admin/listmounts.xsl
[2026-02-14  17:56:22] INFO admin/admin_handle_general_request processing file stats.xsl
[2026-02-14  17:56:33] INFO connection/connection_thread connection thread finished
[2026-02-14  17:56:33] INFO connection/connection_thread_shutdown shutting down connection thread
[2026-02-14  17:56:33] INFO slave/_slave_thread shutting down current relays
[2026-02-14  17:56:33] INFO slave/_slave_thread Slave thread shutdown complete
[2026-02-14  17:56:33] INFO client/workers_adjust requested worker count 0
[2026-02-14  17:56:33] INFO client/worker shutting down
[2026-02-14  17:56:33] INFO client/worker shutting down
[2026-02-14  17:56:33] INFO client/worker_stop stopping incoming worker thread
[2026-02-14  17:56:33] INFO client/worker shutting down
[2026-02-14  17:56:33] INFO main/server_process Shutting down
[2026-02-14  17:56:33] INFO auth/auth_shutdown Auth shutdown complete
[2026-02-14  17:56:33] INFO connection/connection_listen_sockets_close Closing port 9443 on 15.204.91.208
[2026-02-14  17:56:33] INFO connection/connection_listen_sockets_close Closing port 9330 on 15.204.91.208
[2026-02-14  17:56:33] INFO yp/yp_shutdown YP cleanup complete
[2026-02-14  17:56:33] INFO fserve/fserve_shutdown file serving stopped
[2026-02-14  18:40:58] INFO thread/ lock abort set to 0
[2026-02-14  18:40:58] INFO logging/recheck_log_file Using log file /var/www/mcaster1.com/mcaster1dnas/build/logs/access.log
[2026-02-14  18:40:58] INFO logging/recheck_log_file Using log file /var/www/mcaster1.com/mcaster1dnas/build/logs/playlist.log
[2026-02-14  18:40:58] INFO main/server_proc_init Mcaster1DNAS 2.5.0 server reading configuration from mcaster1-production.xml
[2026-02-14  18:40:58] INFO connection/get_ssl_certificate SSL certificate found at /var/www/mcaster1.com/mcaster1dnas/ssl/mcaster1dnas.pem
[2026-02-14  18:40:58] INFO connection/get_ssl_certificate SSL using ciphers ECDHE-RSA-AES128-GCM-SHA256:ECDHE-ECDSA-AES128-GCM-SHA256:ECDHE-RSA-AES256-GCM-SHA384:ECDHE-ECDSA-AES256-GCM-SHA384:DHE-RSA-AES128-GCM-SHA256:DHE-DSS-AES128-GCM-SHA256:kEDH+AESGCM:ECDHE-RSA-AES128-SHA256:ECDHE-ECDSA-AES128-SHA256:ECDHE-RSA-AES128-SHA:ECDHE-ECDSA-AES128-SHA:ECDHE-RSA-AES256-SHA384:ECDHE-ECDSA-AES256-SHA384:ECDHE-RSA-AES256-SHA:ECDHE-ECDSA-AES256-SHA:DHE-RSA-AES128-SHA256:DHE-RSA-AES128-SHA:DHE-DSS-AES128-SHA256:DHE-RSA-AES256-SHA256:DHE-DSS-AES256-SHA:DHE-RSA-AES256-SHA:ECDHE-RSA-DES-CBC3-SHA:ECDHE-ECDSA-DES-CBC3-SHA:AES128-GCM-SHA256:AES256-GCM-SHA384:AES128-SHA256:AES256-SHA256:AES128-SHA:AES256-SHA:AES:DES-CBC3-SHA:HIGH:!aNULL:!eNULL:!EXPORT:!DES:!RC4:!MD5:!PSK:!aECDH:!EDH-DSS-DES-CBC3-SHA:!EDH-RSA-DES-CBC3-SHA:!KRB5-DES-CBC3-SHA
[2026-02-14  18:40:58] INFO connection/connection_setup_sockets 1 listener socket(s) for port 9443 address 15.204.91.208
[2026-02-14  18:40:58] INFO connection/connection_setup_sockets 1 listener socket(s) for port 9330 address 15.204.91.208
[2026-02-14  18:40:58] INFO connection/connection_setup_sockets 2 listening sockets setup complete
[2026-02-14  18:40:58] INFO fserve/fserve_initialize file serving started
[2026-02-14  18:40:58] INFO main/server_process Mcaster1DNAS 2.5.0 server started
[2026-02-14  18:40:58] WARN slave/slave_startup process has 1048576 max file descriptor limit
[2026-02-14  18:40:58] INFO client/workers_adjust requested worker count 2
[2026-02-14  18:40:58] INFO client/worker_start starting incoming worker thread 0x55ebf3858ac0
[2026-02-14  18:40:58] INFO client/log_commit_thread started
[2026-02-14  18:40:58] INFO connection/connection_thread connection thread started
[2026-02-14  18:41:05] INFO admin/admin_handle_general_request processing file stats.xsl
[2026-02-14  18:41:05] INFO xslt/xslt_apply_sheet loaded stylesheet /var/www/mcaster1.com/mcaster1dnas/admin/stats.xsl
[2026-02-14  18:41:05] INFO fserve/open_fh lookup of "/style.css"
[2026-02-14  18:41:06] INFO fserve/open_fh lookup of "/favicon.ico"
[2026-02-14  18:41:11] INFO admin/admin_handle_general_request processing file credits.xsl
[2026-02-14  18:41:11] INFO xslt/xslt_apply_sheet loaded stylesheet /var/www/mcaster1.com/mcaster1dnas/admin/credits.xsl
[2026-02-14  18:41:34] INFO admin/admin_handle_general_request processing file logs.xsl
[2026-02-14  18:41:34] INFO xslt/xslt_apply_sheet loaded stylesheet /var/www/mcaster1.com/mcaster1dnas/admin/logs.xsl
[2026-02-14  18:41:35] INFO xslt/xslt_apply_sheet loaded stylesheet /var/www/mcaster1.com/mcaster1dnas/admin/showlog.xsl
[2026-02-14  18:41:36] INFO xslt/xslt_apply_sheet loaded stylesheet /var/www/mcaster1.com/mcaster1dnas/admin/listmounts.xsl
[2026-02-14  18:41:43] INFO admin/admin_handle_general_request processing file stats.xsl
[2026-02-14  18:42:24] INFO xslt/xslt_apply_sheet loaded stylesheet /var/www/mcaster1.com/mcaster1dnas/admin/managerelays.xsl
[2026-02-14  18:42:27] INFO admin/admin_handle_general_request processing file credits.xsl
[2026-02-14  18:42:31] INFO xslt/xslt_apply_sheet loaded stylesheet /var/www/mcaster1.com/mcaster1dnas/web/status.xsl
[2026-02-14  18:42:42] INFO xslt/xslt_apply_sheet loaded stylesheet /var/www/mcaster1.com/mcaster1dnas/web/server_version.xsl
[2026-02-14  18:42:48] INFO xslt/xslt_apply_sheet loaded stylesheet /var/www/mcaster1.com/mcaster1dnas/web/credits.xsl
[2026-02-14  18:52:29] INFO admin/admin_handle_general_request processing file credits.xsl
[2026-02-14  18:52:30] INFO fserve/open_fh lookup of "/style.css"
[2026-02-14  18:52:30] INFO fserve/open_fh lookup of "/favicon.ico"
[2026-02-14  18:52:33] INFO admin/admin_handle_general_request processing file stats.xsl
[2026-02-14  19:12:55] INFO xslt/xslt_apply_sheet loaded stylesheet /var/www/mcaster1.com/mcaster1dnas/web/status.xsl
[2026-02-14  19:12:55] INFO fserve/open_fh lookup of "/style.css"
[2026-02-14  19:12:55] INFO fserve/open_fh lookup of "/mcaster-utils.js"
[2026-02-14  19:12:55] INFO fserve/open_fh lookup of "/favicon.ico"
[2026-02-14  19:13:03] INFO admin/admin_handle_general_request processing file stats.xsl
[2026-02-14  19:13:03] INFO xslt/xslt_apply_sheet loaded stylesheet /var/www/mcaster1.com/mcaster1dnas/admin/stats.xsl
[2026-02-14  19:13:16] INFO connection/connection_thread connection thread finished
[2026-02-14  19:13:16] INFO connection/connection_thread_shutdown shutting down connection thread
[2026-02-14  19:13:16] INFO slave/_slave_thread shutting down current relays
[2026-02-14  19:13:16] INFO slave/_slave_thread Slave thread shutdown complete
[2026-02-14  19:13:16] INFO client/workers_adjust requested worker count 0
[2026-02-14  19:13:16] INFO client/worker shutting down
[2026-02-14  19:13:16] INFO client/worker shutting down
[2026-02-14  19:13:16] INFO client/worker_stop stopping incoming worker thread
[2026-02-14  19:13:16] INFO client/worker shutting down
[2026-02-14  19:13:16] INFO main/server_process Shutting down
[2026-02-14  19:13:16] INFO auth/auth_shutdown Auth shutdown complete
[2026-02-14  19:13:16] INFO connection/connection_listen_sockets_close Closing port 9443 on 15.204.91.208
[2026-02-14  19:13:16] INFO connection/connection_listen_sockets_close Closing port 9330 on 15.204.91.208
[2026-02-14  19:13:16] INFO yp/yp_shutdown YP cleanup complete
[2026-02-14  19:13:16] INFO fserve/fserve_shutdown file serving stopped
